0 info it worked if it ends with ok
1 verbose cli [ '/Users/Hyunjung/.nvm/versions/node/v6.9.4/bin/node',
1 verbose cli   '/Users/Hyunjung/.nvm/versions/node/v6.9.4/bin/npm',
1 verbose cli   'run',
1 verbose cli   'sass' ]
2 info using npm@4.1.2
3 info using node@v6.9.4
4 verbose run-script [ 'presass', 'sass', 'postsass' ]
5 info lifecycle sass-basic-study@0.0.1~presass: sass-basic-study@0.0.1
6 silly lifecycle sass-basic-study@0.0.1~presass: no script for presass, continuing
7 info lifecycle sass-basic-study@0.0.1~sass: sass-basic-study@0.0.1
8 verbose lifecycle sass-basic-study@0.0.1~sass: unsafe-perm in lifecycle true
9 verbose lifecycle sass-basic-study@0.0.1~sass: PATH: /Users/Hyunjung/.nvm/versions/node/v6.9.4/lib/node_modules/npm/bin/node-gyp-bin:/Users/Hyunjung/Fast_Campus/yamoot/day10/javascript/node_modules/.bin:/Users/Hyunjung/.nvm/versions/node/v6.9.4/bin:/usr/local/bin:/usr/bin:/bin:/usr/sbin:/sbin
10 verbose lifecycle sass-basic-study@0.0.1~sass: CWD: /Users/Hyunjung/Fast_Campus/yamoot/day10/javascript
11 silly lifecycle sass-basic-study@0.0.1~sass: Args: [ '-c',
11 silly lifecycle   'node-sass -w -r sass -o css --output-style expanded --source-map-embed' ]
12 silly lifecycle sass-basic-study@0.0.1~sass: Returned: code: 1  signal: null
13 info lifecycle sass-basic-study@0.0.1~sass: Failed to exec sass script
14 verbose stack Error: sass-basic-study@0.0.1 sass: `node-sass -w -r sass -o css --output-style expanded --source-map-embed`
14 verbose stack Exit status 1
14 verbose stack     at EventEmitter.<anonymous> (/Users/Hyunjung/.nvm/versions/node/v6.9.4/lib/node_modules/npm/lib/utils/lifecycle.js:279:16)
14 verbose stack     at emitTwo (events.js:106:13)
14 verbose stack     at EventEmitter.emit (events.js:191:7)
14 verbose stack     at ChildProcess.<anonymous> (/Users/Hyunjung/.nvm/versions/node/v6.9.4/lib/node_modules/npm/lib/utils/spawn.js:40:14)
14 verbose stack     at emitTwo (events.js:106:13)
14 verbose stack     at ChildProcess.emit (events.js:191:7)
14 verbose stack     at maybeClose (internal/child_process.js:877:16)
14 verbose stack     at Process.ChildProcess._handle.onexit (internal/child_process.js:226:5)
15 verbose pkgid sass-basic-study@0.0.1
16 verbose cwd /Users/Hyunjung/Fast_Campus/yamoot/day10/javascript
17 error Darwin 16.4.0
18 error argv "/Users/Hyunjung/.nvm/versions/node/v6.9.4/bin/node" "/Users/Hyunjung/.nvm/versions/node/v6.9.4/bin/npm" "run" "sass"
19 error node v6.9.4
20 error npm  v4.1.2
21 error code ELIFECYCLE
22 error sass-basic-study@0.0.1 sass: `node-sass -w -r sass -o css --output-style expanded --source-map-embed`
22 error Exit status 1
23 error Failed at the sass-basic-study@0.0.1 sass script 'node-sass -w -r sass -o css --output-style expanded --source-map-embed'.
23 error Make sure you have the latest version of node.js and npm installed.
23 error If you do, this is most likely a problem with the sass-basic-study package,
23 error not with npm itself.
23 error Tell the author that this fails on your system:
23 error     node-sass -w -r sass -o css --output-style expanded --source-map-embed
23 error You can get information on how to open an issue for this project with:
23 error     npm bugs sass-basic-study
23 error Or if that isn't available, you can get their info via:
23 error     npm owner ls sass-basic-study
23 error There is likely additional logging output above.
24 verbose exit [ 1, true ]
